<?xml version="1.0" encoding="UTF-8"?>
<!-- Generated by org.testng.reporters.JUnitXMLReporter -->
<testsuite hostname="DESKTOP-11R3298" ignored="0" name="Command line test" tests="3" failures="0" timestamp="28 Nov 2018 11:14:53 GMT" time="35.971" errors="0">
  <testcase name="verifySearchRestaurantByNameTest" time="2.83" classname="com.talabat.tests.AllRestaurantsPageTest"/>
  <testcase name="clickAllRestaurants" time="0.201" classname="com.talabat.tests.HomePageTest"/>
  <testcase name="loginTest" time="4.712" classname="com.talabat.tests.LoginPageTest"/>
</testsuite> <!-- Command line test -->
