<?xml version="1.0" encoding="UTF-8"?>
<!-- Generated by org.testng.reporters.JUnitXMLReporter -->
<testsuite hostname="DESKTOP-11R3298" ignored="0" name="Talabat WebSite Test Cases" tests="3" failures="0" timestamp="23 Nov 2018 14:27:09 GMT" time="34.942" errors="0">
  <testcase name="verifySearchRestaurantByNameTest" time="1.902" classname="com.talabat.tests.AllRestaurantsPageTest"/>
  <testcase name="clickAllRestaurants" time="0.12" classname="com.talabat.tests.HomePageTest"/>
  <testcase name="loginTest" time="4.961" classname="com.talabat.tests.LoginPageTest"/>
</testsuite> <!-- Talabat WebSite Test Cases -->
