<?xml version="1.0" encoding="UTF-8"?>
<!-- Generated by org.testng.reporters.JUnitXMLReporter -->
<testsuite hostname="DESKTOP-11R3298" ignored="0" name="Talabat WebSite Test Cases" tests="3" failures="0" timestamp="28 Nov 2018 10:17:20 GMT" time="34.75" errors="0">
  <testcase name="verifySearchRestaurantByNameTest" time="1.947" classname="com.talabat.tests.AllRestaurantsPageTest"/>
  <testcase name="clickAllRestaurants" time="0.145" classname="com.talabat.tests.HomePageTest"/>
  <testcase name="loginTest" time="4.184" classname="com.talabat.tests.LoginPageTest"/>
</testsuite> <!-- Talabat WebSite Test Cases -->
