<?xml version="1.0" encoding="UTF-8"?>
<testng-results skipped="0" failed="0" ignored="0" total="3" passed="3">
  <reporter-output>
  </reporter-output>
  <suite name="Command line suite" duration-ms="35971" started-at="2018-11-28T11:14:17Z" finished-at="2018-11-28T11:14:53Z">
    <groups>
    </groups>
    <test name="Command line test" duration-ms="35971" started-at="2018-11-28T11:14:17Z" finished-at="2018-11-28T11:14:53Z">
      <class name="com.talabat.tests.HomePageTest">
        <test-method status="PASS" signature="setUp()[pri:0, instance:com.talabat.tests.HomePageTest@2cb4c3ab]" name="setUp" is-config="true" duration-ms="8065" started-at="2018-11-28T11:14:31Z" finished-at="2018-11-28T11:14:39Z">
          <reporter-output>
          </reporter-output>
        </test-method> <!-- setUp -->
        <test-method status="PASS" signature="clickAllRestaurants()[pri:2, instance:com.talabat.tests.HomePageTest@2cb4c3ab]" name="clickAllRestaurants" duration-ms="201" started-at="2018-11-28T11:14:39Z" finished-at="2018-11-28T11:14:39Z">
          <reporter-output>
          </reporter-output>
        </test-method> <!-- clickAllRestaurants -->
        <test-method status="PASS" signature="tearDown()[pri:0, instance:com.talabat.tests.HomePageTest@2cb4c3ab]" name="tearDown" is-config="true" duration-ms="631" started-at="2018-11-28T11:14:39Z" finished-at="2018-11-28T11:14:40Z">
          <reporter-output>
          </reporter-output>
        </test-method> <!-- tearDown -->
      </class> <!-- com.talabat.tests.HomePageTest -->
      <class name="com.talabat.tests.AllRestaurantsPageTest">
        <test-method status="PASS" signature="setUp()[pri:0, instance:com.talabat.tests.AllRestaurantsPageTest@50f8360d]" name="setUp" is-config="true" duration-ms="10074" started-at="2018-11-28T11:14:17Z" finished-at="2018-11-28T11:14:27Z">
          <reporter-output>
          </reporter-output>
        </test-method> <!-- setUp -->
        <test-method status="PASS" signature="verifySearchRestaurantByNameTest()[pri:0, instance:com.talabat.tests.AllRestaurantsPageTest@50f8360d]" name="verifySearchRestaurantByNameTest" duration-ms="2830" started-at="2018-11-28T11:14:27Z" finished-at="2018-11-28T11:14:30Z">
          <reporter-output>
          </reporter-output>
        </test-method> <!-- verifySearchRestaurantByNameTest -->
        <test-method status="PASS" signature="tearDown()[pri:0, instance:com.talabat.tests.AllRestaurantsPageTest@50f8360d]" name="tearDown" is-config="true" duration-ms="674" started-at="2018-11-28T11:14:30Z" finished-at="2018-11-28T11:14:31Z">
          <reporter-output>
          </reporter-output>
        </test-method> <!-- tearDown -->
      </class> <!-- com.talabat.tests.AllRestaurantsPageTest -->
      <class name="com.talabat.tests.LoginPageTest">
        <test-method status="PASS" signature="setUp()[pri:0, instance:com.talabat.tests.LoginPageTest@13c78c0b]" name="setUp" is-config="true" duration-ms="8737" started-at="2018-11-28T11:14:40Z" finished-at="2018-11-28T11:14:48Z">
          <reporter-output>
          </reporter-output>
        </test-method> <!-- setUp -->
        <test-method status="PASS" signature="loginTest()[pri:3, instance:com.talabat.tests.LoginPageTest@13c78c0b]" name="loginTest" duration-ms="4712" started-at="2018-11-28T11:14:48Z" finished-at="2018-11-28T11:14:53Z">
          <reporter-output>
          </reporter-output>
        </test-method> <!-- loginTest -->
        <test-method status="PASS" signature="tearDown()[pri:0, instance:com.talabat.tests.LoginPageTest@13c78c0b]" name="tearDown" is-config="true" duration-ms="0" started-at="2018-11-28T11:14:53Z" finished-at="2018-11-28T11:14:53Z">
          <reporter-output>
          </reporter-output>
        </test-method> <!-- tearDown -->
      </class> <!-- com.talabat.tests.LoginPageTest -->
    </test> <!-- Command line test -->
  </suite> <!-- Command line suite -->
</testng-results>
