<?xml version="1.0" encoding="UTF-8"?>
<testng-results skipped="0" failed="0" ignored="0" total="3" passed="3">
  <reporter-output>
  </reporter-output>
  <suite name="Talabat Test Suite" duration-ms="34750" started-at="2018-11-28T10:16:46Z" finished-at="2018-11-28T10:17:20Z">
    <groups>
    </groups>
    <test name="Talabat WebSite Test Cases" duration-ms="34750" started-at="2018-11-28T10:16:46Z" finished-at="2018-11-28T10:17:20Z">
      <class name="com.talabat.tests.AllRestaurantsPageTest">
        <test-method status="PASS" signature="setUp()[pri:0, instance:com.talabat.tests.AllRestaurantsPageTest@6fd02e5]" name="setUp" is-config="true" duration-ms="9875" started-at="2018-11-28T10:16:46Z" finished-at="2018-11-28T10:16:55Z">
          <reporter-output>
          </reporter-output>
        </test-method> <!-- setUp -->
        <test-method status="PASS" signature="verifySearchRestaurantByNameTest()[pri:0, instance:com.talabat.tests.AllRestaurantsPageTest@6fd02e5]" name="verifySearchRestaurantByNameTest" duration-ms="1947" started-at="2018-11-28T10:16:55Z" finished-at="2018-11-28T10:16:57Z">
          <reporter-output>
          </reporter-output>
        </test-method> <!-- verifySearchRestaurantByNameTest -->
        <test-method status="PASS" signature="tearDown()[pri:0, instance:com.talabat.tests.AllRestaurantsPageTest@6fd02e5]" name="tearDown" is-config="true" duration-ms="646" started-at="2018-11-28T10:16:57Z" finished-at="2018-11-28T10:16:58Z">
          <reporter-output>
          </reporter-output>
        </test-method> <!-- tearDown -->
      </class> <!-- com.talabat.tests.AllRestaurantsPageTest -->
      <class name="com.talabat.tests.HomePageTest">
        <test-method status="PASS" signature="setUp()[pri:0, instance:com.talabat.tests.HomePageTest@1ce92674]" name="setUp" is-config="true" duration-ms="8398" started-at="2018-11-28T10:16:58Z" finished-at="2018-11-28T10:17:06Z">
          <reporter-output>
          </reporter-output>
        </test-method> <!-- setUp -->
        <test-method status="PASS" signature="clickAllRestaurants()[pri:2, instance:com.talabat.tests.HomePageTest@1ce92674]" name="clickAllRestaurants" duration-ms="145" started-at="2018-11-28T10:17:06Z" finished-at="2018-11-28T10:17:07Z">
          <reporter-output>
          </reporter-output>
        </test-method> <!-- clickAllRestaurants -->
        <test-method status="PASS" signature="tearDown()[pri:0, instance:com.talabat.tests.HomePageTest@1ce92674]" name="tearDown" is-config="true" duration-ms="619" started-at="2018-11-28T10:17:07Z" finished-at="2018-11-28T10:17:07Z">
          <reporter-output>
          </reporter-output>
        </test-method> <!-- tearDown -->
      </class> <!-- com.talabat.tests.HomePageTest -->
      <class name="com.talabat.tests.LoginPageTest">
        <test-method status="PASS" signature="setUp()[pri:0, instance:com.talabat.tests.LoginPageTest@5700d6b1]" name="setUp" is-config="true" duration-ms="8903" started-at="2018-11-28T10:17:07Z" finished-at="2018-11-28T10:17:16Z">
          <reporter-output>
          </reporter-output>
        </test-method> <!-- setUp -->
        <test-method status="PASS" signature="loginTest()[pri:3, instance:com.talabat.tests.LoginPageTest@5700d6b1]" name="loginTest" duration-ms="4184" started-at="2018-11-28T10:17:16Z" finished-at="2018-11-28T10:17:20Z">
          <reporter-output>
          </reporter-output>
        </test-method> <!-- loginTest -->
        <test-method status="PASS" signature="tearDown()[pri:0, instance:com.talabat.tests.LoginPageTest@5700d6b1]" name="tearDown" is-config="true" duration-ms="0" started-at="2018-11-28T10:17:20Z" finished-at="2018-11-28T10:17:20Z">
          <reporter-output>
          </reporter-output>
        </test-method> <!-- tearDown -->
      </class> <!-- com.talabat.tests.LoginPageTest -->
    </test> <!-- Talabat WebSite Test Cases -->
  </suite> <!-- Talabat Test Suite -->
</testng-results>
