<?xml version="1.0" encoding="UTF-8"?>
<testng-results skipped="0" failed="0" ignored="0" total="1" passed="1">
  <reporter-output>
  </reporter-output>
  <suite name="Default suite" duration-ms="14069" started-at="2018-11-24T10:07:50Z" finished-at="2018-11-24T10:08:04Z">
    <groups>
    </groups>
    <test name="Default test" duration-ms="14069" started-at="2018-11-24T10:07:50Z" finished-at="2018-11-24T10:08:04Z">
      <class name="com.talabat.tests.LoginPageTest">
        <test-method status="PASS" signature="setUp()[pri:0, instance:com.talabat.tests.LoginPageTest@7085bdee]" name="setUp" is-config="true" duration-ms="10123" started-at="2018-11-24T10:07:50Z" finished-at="2018-11-24T10:08:00Z">
          <reporter-output>
          </reporter-output>
        </test-method> <!-- setUp -->
        <test-method status="PASS" signature="loginTest()[pri:3, instance:com.talabat.tests.LoginPageTest@7085bdee]" name="loginTest" duration-ms="3898" started-at="2018-11-24T10:08:00Z" finished-at="2018-11-24T10:08:04Z">
          <reporter-output>
          </reporter-output>
        </test-method> <!-- loginTest -->
        <test-method status="PASS" signature="tearDown()[pri:0, instance:com.talabat.tests.LoginPageTest@7085bdee]" name="tearDown" is-config="true" duration-ms="0" started-at="2018-11-24T10:08:04Z" finished-at="2018-11-24T10:08:04Z">
          <reporter-output>
          </reporter-output>
        </test-method> <!-- tearDown -->
      </class> <!-- com.talabat.tests.LoginPageTest -->
    </test> <!-- Default test -->
  </suite> <!-- Default suite -->
</testng-results>
